unitconverter/build/intermediates/manifest_merge_blame_file/debug/manifest-merger-blame-debug-report.txt
1<?xml version="1.0" encoding="utf-8"?>
2<!--
3  ~ Copyright 2016 Phil Shadlyn
4  ~
5  ~ Licensed under the Apache License, Version 2.0 (the "License");
6  ~ you may not use this file except in compliance with the License.
7  ~ You may obtain a copy of the License at
8  ~
9  ~    http://www.apache.org/licenses/LICENSE-2.0
10  ~
11  ~ Unless required by applicable law or agreed to in writing, software
12  ~ distributed under the License is distributed on an "AS IS" BASIS,
13  ~ WITHOUT WARRANTIES OR CONDITIONS OF ANY KIND, either express or implied.
14  ~ See the License for the specific language governing permissions and
15  ~ limitations under the License.
16-->
17<manifest xmlns:android="http://schemas.android.com/apk/res/android"
18    xmlns:tools="http://schemas.android.com/tools"
19    package="com.physphil.android.unitconverterultimate" >
20
21    <uses-sdk
22        android:minSdkVersion="23"
23        android:targetSdkVersion="30" />
24
25    <application>
25-->src\main\AndroidManifest.xml:19:5-31:19
26        <activity
26-->src\main\AndroidManifest.xml:20:9-23:70
27            android:name="com.physphil.android.unitconverterultimate.MainActivityConverter"
27-->src\main\AndroidManifest.xml:21:13-50
28            android:label="@string/app_name"
28-->src\main\AndroidManifest.xml:22:13-45
29            android:windowSoftInputMode="stateHidden|adjustResize" />
29-->src\main\AndroidManifest.xml:23:13-67
30        <activity
30-->src\main\AndroidManifest.xml:24:9-26:63
31            android:name="com.physphil.android.unitconverterultimate.settings.PreferencesActivity"
31-->src\main\AndroidManifest.xml:25:13-57
32            android:label="@string/title_activity_settings" />
32-->src\main\AndroidManifest.xml:26:13-60
33        <activity
33-->src\main\AndroidManifest.xml:27:9-29:71
34            android:name="com.physphil.android.unitconverterultimate.AcknowledgementsActivity"
34-->src\main\AndroidManifest.xml:28:13-53
35            android:label="@string/title_activity_acknowledgements" />
35-->src\main\AndroidManifest.xml:29:13-68
36    </application>
37
38</manifest>